<?xml version="1.0" encoding="UTF-8"?>
<!-- Generated by org.testng.reporters.JUnitReportReporter -->
<testsuite hostname="PNQNB0075" failures="0" tests="1" name="testNGstudy.Before_After_method" time="0.004" errors="0" timestamp="2024-07-13T12:07:30 IST" skipped="0">
  <testcase classname="testNGstudy.Before_After_method" name="f" time="0.004">
    <system-out>
      <![CDATA[This is f method]]>
    </system-out>
  </testcase> <!-- f -->
  <system-out>
    <![CDATA[This is before class
This is f method
This is afterclass]]>
  </system-out>
</testsuite> <!-- testNGstudy.Before_After_method -->
