<?xml version="1.0" encoding="UTF-8"?>
<!-- Generated by org.testng.reporters.JUnitReportReporter -->
<testsuite hostname="PNQNB0075" failures="0" tests="1" name="tablestudy.SoftAseert" time="0.009" errors="0" timestamp="2024-07-24T22:18:47 IST" skipped="0">
  <testcase classname="tablestudy.SoftAseert" name="f" time="0.009"/>
</testsuite> <!-- tablestudy.SoftAseert -->
