<?xml version="1.0" encoding="UTF-8"?>
<!-- Generated by org.testng.reporters.JUnitReportReporter -->
<testsuite hostname="PNQNB0075" failures="0" tests="3" name="testNGstudy.Enabled" time="0.016" errors="0" timestamp="2024-07-19T23:08:24 IST" skipped="0">
  <testcase classname="testNGstudy.Enabled" name="f" time="0.011">
    <system-out>
      <![CDATA[This is f method]]>
    </system-out>
  </testcase> <!-- f -->
  <testcase classname="testNGstudy.Enabled" name="f1" time="0.002">
    <system-out>
      <![CDATA[This is f1 method]]>
    </system-out>
  </testcase> <!-- f1 -->
  <testcase classname="testNGstudy.Enabled" name="f2" time="0.003">
    <system-out>
      <![CDATA[This is f2 method]]>
    </system-out>
  </testcase> <!-- f2 -->
  <system-out>
    <![CDATA[This is f method
This is f1 method
This is f2 method]]>
  </system-out>
</testsuite> <!-- testNGstudy.Enabled -->
