<?xml version="1.0" encoding="UTF-8"?>
<!-- Generated by org.testng.reporters.JUnitReportReporter -->
<testsuite hostname="PNQNB0075" failures="0" tests="2" name="testNGstudy.TestNGSuites1" time="0.016" errors="0" timestamp="2024-07-21T01:27:46 IST" skipped="0">
  <testcase classname="testNGstudy.TestNGSuites1" name="b" time="0.002">
    <system-out>
      <![CDATA[This is b method]]>
    </system-out>
  </testcase> <!-- b -->
  <testcase classname="testNGstudy.TestNGSuites1" name="a" time="0.014">
    <system-out>
      <![CDATA[This is a method]]>
    </system-out>
  </testcase> <!-- a -->
  <system-out>
    <![CDATA[This is a method
This is b method]]>
  </system-out>
</testsuite> <!-- testNGstudy.TestNGSuites1 -->
