<?xml version="1.0" encoding="UTF-8"?>
<!-- Generated by org.testng.reporters.JUnitReportReporter -->
<testsuite hostname="PNQNB0075" failures="0" tests="1" name="testNGstudy.SerialandParallelTest1" time="2.480" errors="0" timestamp="2024-07-22T18:01:33 IST" skipped="0">
  <testcase classname="testNGstudy.SerialandParallelTest1" name="f" time="2.480"/>
</testsuite> <!-- testNGstudy.SerialandParallelTest1 -->
