<?xml version="1.0" encoding="UTF-8"?>
<!-- Generated by org.testng.reporters.JUnitReportReporter -->
<testsuite hostname="PNQNB0075" failures="0" tests="3" name="testNGstudy.TestNGSuite2" time="0.012" errors="0" timestamp="2024-07-21T01:23:41 IST" skipped="0">
  <testcase classname="testNGstudy.TestNGSuite2" name="e" time="0.010">
    <system-out>
      <![CDATA[This is e method]]>
    </system-out>
  </testcase> <!-- e -->
  <testcase classname="testNGstudy.TestNGSuite2" name="f" time="0.001">
    <system-out>
      <![CDATA[This is f method]]>
    </system-out>
  </testcase> <!-- f -->
  <testcase classname="testNGstudy.TestNGSuite2" name="g" time="0.001">
    <system-out>
      <![CDATA[This is g method]]>
    </system-out>
  </testcase> <!-- g -->
  <system-out>
    <![CDATA[This is e method
This is f method
This is g method]]>
  </system-out>
</testsuite> <!-- testNGstudy.TestNGSuite2 -->
