<?xml version="1.0" encoding="UTF-8"?>
<!-- Generated by org.testng.reporters.JUnitReportReporter -->
<testsuite hostname="PNQNB0075" failures="0" tests="3" name="testNGstudy.DependonMethod" time="0.016" errors="0" timestamp="2024-07-19T23:24:16 IST" skipped="0">
  <testcase classname="testNGstudy.DependonMethod" name="f" time="0.002">
    <system-out>
      <![CDATA[This is f method ]]>
    </system-out>
  </testcase> <!-- f -->
  <testcase classname="testNGstudy.DependonMethod" name="f1" time="0.013">
    <system-out>
      <![CDATA[This is f1 method]]>
    </system-out>
  </testcase> <!-- f1 -->
  <testcase classname="testNGstudy.DependonMethod" name="f2" time="0.001">
    <system-out>
      <![CDATA[This is the f2 method]]>
    </system-out>
  </testcase> <!-- f2 -->
  <system-out>
    <![CDATA[This is f1 method
This is f method 
This is the f2 method]]>
  </system-out>
</testsuite> <!-- testNGstudy.DependonMethod -->
