<?xml version="1.0" encoding="UTF-8"?>
<!-- Generated by org.testng.reporters.JUnitReportReporter -->
<testsuite hostname="PNQNB0075" failures="0" tests="2" name="testNGstudy.Timeout" time="0.018" errors="0" timestamp="2024-07-19T22:57:12 IST" skipped="0">
  <testcase classname="testNGstudy.Timeout" name="f1" time="0.011">
    <system-out>
      <![CDATA[This is f1 method]]>
    </system-out>
  </testcase> <!-- f1 -->
  <testcase classname="testNGstudy.Timeout" name="f" time="0.007">
    <system-out>
      <![CDATA[This is the f method]]>
    </system-out>
  </testcase> <!-- f -->
  <system-out>
    <![CDATA[This is f1 method
This is the f method]]>
  </system-out>
</testsuite> <!-- testNGstudy.Timeout -->
