<?xml version="1.0" encoding="UTF-8"?>
<!-- Generated by org.testng.reporters.JUnitReportReporter -->
<testsuite hostname="PNQNB0075" failures="0" tests="1" name="testNGstudy.Redbus" time="4.697" errors="0" timestamp="2024-08-08T20:47:07 IST" skipped="0">
  <testcase classname="testNGstudy.Redbus" name="f" time="4.697"/>
</testsuite> <!-- testNGstudy.Redbus -->
