<?xml version="1.0" encoding="UTF-8"?>
<!-- Generated by org.testng.reporters.JUnitReportReporter -->
<testsuite hostname="PNQNB0075" failures="0" tests="2" name="testNGstudy.CBTmultiplebrowser" time="16.305" errors="0" timestamp="2024-07-24T20:19:24 IST" skipped="0">
  <testcase classname="testNGstudy.CBTmultiplebrowser" name="f" time="9.378"/>
  <testcase classname="testNGstudy.CBTmultiplebrowser" name="f" time="6.927"/>
</testsuite> <!-- testNGstudy.CBTmultiplebrowser -->
