<?xml version="1.0" encoding="UTF-8"?>
<!-- Generated by org.testng.reporters.JUnitReportReporter -->
<testsuite hostname="PNQNB0075" failures="0" tests="1" name="testNGstudy.Program1" time="0.008" errors="0" timestamp="2024-07-09T14:18:28 IST" skipped="0">
  <testcase classname="testNGstudy.Program1" name="f" time="0.008"/>
</testsuite> <!-- testNGstudy.Program1 -->
