<?xml version="1.0" encoding="UTF-8"?>
<!-- Generated by org.testng.reporters.JUnitReportReporter -->
<testsuite hostname="PNQNB0075" failures="0" tests="1" name="testNGstudy.SerialandParallelTest" time="3.688" errors="0" timestamp="2024-07-22T18:01:23 IST" skipped="0">
  <testcase classname="testNGstudy.SerialandParallelTest" name="f" time="3.688"/>
</testsuite> <!-- testNGstudy.SerialandParallelTest -->
