<?xml version="1.0" encoding="UTF-8"?>
<!-- Generated by org.testng.reporters.JUnitReportReporter -->
<testsuite hostname="PNQNB0075" failures="0" tests="2" name="dataproviderTestNG.Teacherdataprovider" time="13.194" errors="0" timestamp="2024-07-25T11:32:24 IST" skipped="0">
  <testcase classname="dataproviderTestNG.Teacherdataprovider" name="f" time="7.547"/>
  <testcase classname="dataproviderTestNG.Teacherdataprovider" name="f" time="5.647"/>
</testsuite> <!-- dataproviderTestNG.Teacherdataprovider -->
