<?xml version="1.0" encoding="UTF-8"?>
<!-- Generated by org.testng.reporters.JUnitReportReporter -->
<testsuite hostname="PNQNB0075" failures="0" tests="2" name="testNGstudy.Program2" time="0.020" errors="0" timestamp="2024-07-13T11:24:41 IST" skipped="0">
  <testcase classname="testNGstudy.Program2" name="f1" time="0.013">
    <system-out>
      <![CDATA[This is f1 method:]]>
    </system-out>
  </testcase> <!-- f1 -->
  <testcase classname="testNGstudy.Program2" name="f" time="0.007">
    <system-out>
      <![CDATA[This is f method:]]>
    </system-out>
  </testcase> <!-- f -->
  <system-out>
    <![CDATA[This is beformethod
This is before_method1
This is f method:
This is aftermethod
This is beformethod
This is before_method1
This is f1 method:
This is aftermethod]]>
  </system-out>
</testsuite> <!-- testNGstudy.Program2 -->
