<?xml version="1.0" encoding="UTF-8"?>
<!-- Generated by org.testng.reporters.JUnitReportReporter -->
<testsuite hostname="PNQNB0075" failures="0" tests="4" name="testNGstudy.keywords" time="0.008" errors="0" timestamp="2024-08-06T14:02:55 IST" skipped="1">
  <testcase classname="testNGstudy.keywords" name="f1" time="0.007">
    <system-out>
      <![CDATA[This is f1 method]]>
    </system-out>
  </testcase> <!-- f1 -->
  <testcase classname="testNGstudy.keywords" name="f2" time="0.000">
    <system-out>
      <![CDATA[This is f2 method]]>
    </system-out>
  </testcase> <!-- f2 -->
  <testcase classname="testNGstudy.keywords" name="f" time="0.001">
    <system-out>
      <![CDATA[This is f method]]>
    </system-out>
  </testcase> <!-- f -->
  <testcase classname="testNGstudy.keywords" name="f4">
    <skipped/>
  </testcase> <!-- f4 -->
  <system-out>
    <![CDATA[This is f1 method
This is f2 method
This is f method]]>
  </system-out>
</testsuite> <!-- testNGstudy.keywords -->
