<?xml version="1.0" encoding="UTF-8"?>
<!-- Generated by org.testng.reporters.JUnitReportReporter -->
<testsuite hostname="PNQNB0075" failures="0" tests="2" name="testNGstudy.InvocationCount" time="0.021" errors="0" timestamp="2024-07-19T19:54:51 IST" skipped="0">
  <testcase classname="testNGstudy.InvocationCount" name="f" time="0.003">
    <system-out>
      <![CDATA[This is f method]]>
    </system-out>
  </testcase> <!-- f -->
  <testcase classname="testNGstudy.InvocationCount" name="f" time="0.018">
    <system-out>
      <![CDATA[This is f method]]>
    </system-out>
  </testcase> <!-- f -->
  <system-out>
    <![CDATA[This is before method
This is f method
This is fter method
This is before method
This is f method
This is fter method]]>
  </system-out>
</testsuite> <!-- testNGstudy.InvocationCount -->
