<?xml version="1.0" encoding="UTF-8"?>
<!-- Generated by org.testng.reporters.JUnitReportReporter -->
<testsuite hostname="PNQNB0075" failures="0" tests="1" name="coverFoxTest.CoverFoxTC1" time="4.059" errors="0" timestamp="2024-08-01T07:24:50 IST" skipped="0">
  <testcase classname="coverFoxTest.CoverFoxTC1" name="validatebanner" time="4.059"/>
  <system-out>
    <![CDATA[launching browser
Waiting.....
closing browser]]>
  </system-out>
</testsuite> <!-- coverFoxTest.CoverFoxTC1 -->
