<?xml version="1.0" encoding="UTF-8"?>
<!-- Generated by org.testng.reporters.JUnitReportReporter -->
<testsuite hostname="PNQNB0075" failures="0" tests="4" name="testNGstudy.Priority" time="0.013" errors="0" timestamp="2024-07-19T20:03:25 IST" skipped="0">
  <testcase classname="testNGstudy.Priority" name="f1" time="0.009">
    <system-out>
      <![CDATA[This is f1 method]]>
    </system-out>
  </testcase> <!-- f1 -->
  <testcase classname="testNGstudy.Priority" name="f" time="0.001">
    <system-out>
      <![CDATA[This is f method]]>
    </system-out>
  </testcase> <!-- f -->
  <testcase classname="testNGstudy.Priority" name="f2" time="0.001">
    <system-out>
      <![CDATA[This is f2 method]]>
    </system-out>
  </testcase> <!-- f2 -->
  <testcase classname="testNGstudy.Priority" name="f3" time="0.002">
    <system-out>
      <![CDATA[This is f3 method]]>
    </system-out>
  </testcase> <!-- f3 -->
  <system-out>
    <![CDATA[This is f1 method
This is f method
This is f2 method
This is f3 method]]>
  </system-out>
</testsuite> <!-- testNGstudy.Priority -->
