<?xml version="1.0" encoding="UTF-8"?>
<!-- Generated by org.testng.reporters.JUnitReportReporter -->
<testsuite hostname="PNQNB0075" failures="0" tests="1" name="testNGstudy.Facebook" time="4.295" errors="0" timestamp="2024-08-08T20:47:07 IST" skipped="0">
  <testcase classname="testNGstudy.Facebook" name="f" time="4.295"/>
</testsuite> <!-- testNGstudy.Facebook -->
