<?xml version="1.0" encoding="UTF-8"?>
<!-- Generated by org.testng.reporters.JUnitReportReporter -->
<testsuite hostname="PNQNB0075" failures="0" tests="3" name="dataproviderTestNG.MainclassDataprovider" time="21.691" errors="0" timestamp="2024-07-25T11:09:47 IST" skipped="0">
  <testcase classname="dataproviderTestNG.MainclassDataprovider" name="f" time="8.622"/>
  <testcase classname="dataproviderTestNG.MainclassDataprovider" name="f" time="6.471"/>
  <testcase classname="dataproviderTestNG.MainclassDataprovider" name="f" time="6.598"/>
</testsuite> <!-- dataproviderTestNG.MainclassDataprovider -->
