<?xml version="1.0" encoding="UTF-8"?>
<!-- Generated by org.testng.reporters.JUnitReportReporter -->
<testsuite hostname="PNQNB0075" failures="0" tests="1" name="testNGstudy.EveryAnnotation" time="0.008" errors="0" timestamp="2024-07-18T19:24:25 IST" skipped="0">
  <testcase classname="testNGstudy.EveryAnnotation" name="f" time="0.008">
    <system-out>
      <![CDATA[This is f method]]>
    </system-out>
  </testcase> <!-- f -->
  <system-out>
    <![CDATA[This is bofore suit method
This is before class method
This is before method
This is f method
This is After method
This is after class method 
This is after suite method]]>
  </system-out>
</testsuite> <!-- testNGstudy.EveryAnnotation -->
